<?xml version="1.0" encoding="UTF-8"?>
<!-- Generated by org.testng.reporters.JUnitReportReporter -->
<testsuite hostname="DESKTOP-KBM2E74" failures="0" tests="7" name="Login.LoginBSk" time="16.465" errors="0" timestamp="2024-11-11T10:10:06 IST" skipped="0">
  <testcase classname="Login.LoginBSk" name="loginButtonIsClickable" time="2.412"/>
  <testcase classname="Login.LoginBSk" name="loginWithOnlyEmailEntered" time="2.298"/>
  <testcase classname="Login.LoginBSk" name="loginWithEmptyFields" time="2.416"/>
  <testcase classname="Login.LoginBSk" name="loginWithInvalidCredentials" time="2.417"/>
  <testcase classname="Login.LoginBSk" name="loginWithOnlyPasswordEntered" time="2.225"/>
  <testcase classname="Login.LoginBSk" name="loginWithSpecialCharacters" time="2.256"/>
  <testcase classname="Login.LoginBSk" name="loginWithValidCredentials" time="2.441"/>
</testsuite> <!-- Login.LoginBSk -->
